app/build/outputs/logs/manifest-merger-debug-report.txt
-- Merging decision tree log ---
manifest
ADDED from src\main\AndroidManifest.xml:2:1-98:12
	package
		ADDED from src\main\AndroidManifest.xml:3:5-41
		INJECTED from src\main\AndroidManifest.xml
		INJECTED from src\main\AndroidManifest.xml
	android:versionName
		INJECTED from src\main\AndroidManifest.xml
		INJECTED from src\main\AndroidManifest.xml
	xmlns:android
		ADDED from src\main\AndroidManifest.xml:2:11-69
	android:versionCode
		INJECTED from src\main\AndroidManifest.xml
		INJECTED from src\main\AndroidManifest.xml
uses-permission#android.permission.BLUETOOTH
ADDED from src\main\AndroidManifest.xml:5:5-68
	android:name
		ADDED from src\main\AndroidManifest.xml:5:22-65
uses-permission#android.permission.GET_ACCOUNTS
ADDED from src\main\AndroidManifest.xml:7:5-71
	android:name
		ADDED from src\main\AndroidManifest.xml:7:22-68
uses-permission#android.permission.READ_SYNC_SETTINGS
ADDED from src\main\AndroidManifest.xml:9:5-77
	android:name
		ADDED from src\main\AndroidManifest.xml:9:22-74
uses-permission#android.permission.READ_SYNC_STATS
ADDED from src\main\AndroidManifest.xml:11:5-74
	android:name
		ADDED from src\main\AndroidManifest.xml:11:22-71
uses-permission#android.permission.READ_CALENDAR
ADDED from src\main\AndroidManifest.xml:13:5-71
	android:name
		ADDED from src\main\AndroidManifest.xml:13:22-69
application
ADDED from src\main\AndroidManifest.xml:16:5-96:19
MERGED from [com.android.support:design:23.4.0] AndroidManifest.xml:22:5-20
MERGED from [com.android.support:support-v4:23.4.0] AndroidManifest.xml:22:5-20
MERGED from [com.android.support:appcompat-v7:23.4.0] AndroidManifest.xml:25:5-20
MERGED from [com.android.support:animated-vector-drawable:23.4.0] AndroidManifest.xml:7:5-20
MERGED from [com.android.support:support-vector-drawable:23.4.0] AndroidManifest.xml:7:5-20
MERGED from [com.github.gabrielemariotti.cards:cardslib-cards:2.1.0] AndroidManifest.xml:28:5-29:19
MERGED from [com.github.gabrielemariotti.cards:cardslib-core:2.1.0] AndroidManifest.xml:28:5-29:19
MERGED from [com.android.support:cardview-v7:22.1.1] AndroidManifest.xml:22:5-20
	android:label
		ADDED from src\main\AndroidManifest.xml:19:9-41
	android:supportsRtl
		ADDED from src\main\AndroidManifest.xml:20:9-35
	android:allowBackup
		ADDED from src\main\AndroidManifest.xml:17:9-35
	android:icon
		ADDED from src\main\AndroidManifest.xml:18:9-43
	android:theme
		ADDED from src\main\AndroidManifest.xml:21:9-40
uses-permission#android.permission.ACCESS_WIFI_STATE
ADDED from src\main\AndroidManifest.xml:22:9-80
	android:name
		ADDED from src\main\AndroidManifest.xml:22:26-77
uses-permission#android.permission.BLUETOOTH_ADMIN
ADDED from src\main\AndroidManifest.xml:24:9-78
	android:name
		ADDED from src\main\AndroidManifest.xml:24:26-75
activity#net.wecodelicious.automazo.ui.MainActivity
ADDED from src\main\AndroidManifest.xml:26:9-32:20
	android:name
		ADDED from src\main\AndroidManifest.xml:26:19-50
intent-filter#android.intent.action.MAIN+android.intent.category.LAUNCHER
ADDED from src\main\AndroidManifest.xml:27:13-31:29
action#android.intent.action.MAIN
ADDED from src\main\AndroidManifest.xml:28:17-69
	android:name
		ADDED from src\main\AndroidManifest.xml:28:25-66
category#android.intent.category.LAUNCHER
ADDED from src\main\AndroidManifest.xml:30:17-77
	android:name
		ADDED from src\main\AndroidManifest.xml:30:27-74
service#net.wecodelicious.automazo.util.Controller
ADDED from src\main\AndroidManifest.xml:34:9-76
	android:exported
		ADDED from src\main\AndroidManifest.xml:34:50-74
	android:name
		ADDED from src\main\AndroidManifest.xml:34:18-49
service#net.wecodelicious.automazo.actions.Notifications
ADDED from src\main\AndroidManifest.xml:35:9-82
	android:exported
		ADDED from src\main\AndroidManifest.xml:35:56-80
	android:name
		ADDED from src\main\AndroidManifest.xml:35:18-55
receiver#net.wecodelicious.automazo.triggers.AirplaneModeReceiver
ADDED from src\main\AndroidManifest.xml:36:9-42:20
	android:enabled
		ADDED from src\main\AndroidManifest.xml:38:13-36
	android:name
		ADDED from src\main\AndroidManifest.xml:37:13-58
intent-filter#android.intent.action.AIRPLANE_MODE
ADDED from src\main\AndroidManifest.xml:39:13-41:29
action#android.intent.action.AIRPLANE_MODE
ADDED from src\main\AndroidManifest.xml:40:17-78
	android:name
		ADDED from src\main\AndroidManifest.xml:40:25-75
receiver#net.wecodelicious.automazo.triggers.GpsChangeReceiver
ADDED from src\main\AndroidManifest.xml:43:9-49:20
	android:enabled
		ADDED from src\main\AndroidManifest.xml:45:13-36
	android:name
		ADDED from src\main\AndroidManifest.xml:44:13-55
intent-filter#android.location.PROVIDERS_CHANGED
ADDED from src\main\AndroidManifest.xml:46:13-48:29
action#android.location.PROVIDERS_CHANGED
ADDED from src\main\AndroidManifest.xml:47:17-77
	android:name
		ADDED from src\main\AndroidManifest.xml:47:25-74
receiver#net.wecodelicious.automazo.triggers.HotspotChangeReceiver
ADDED from src\main\AndroidManifest.xml:50:9-56:20
	android:enabled
		ADDED from src\main\AndroidManifest.xml:52:13-36
	android:name
		ADDED from src\main\AndroidManifest.xml:51:13-59
intent-filter#android.net.wifi.WIFI_AP_STATE_CHANGED
ADDED from src\main\AndroidManifest.xml:53:13-55:29
action#android.net.wifi.WIFI_AP_STATE_CHANGED
ADDED from src\main\AndroidManifest.xml:54:17-81
	android:name
		ADDED from src\main\AndroidManifest.xml:54:25-78
receiver#net.wecodelicious.automazo.triggers.BTStateChangeReceiver
ADDED from src\main\AndroidManifest.xml:57:9-63:20
	android:enabled
		ADDED from src\main\AndroidManifest.xml:59:13-36
	android:name
		ADDED from src\main\AndroidManifest.xml:58:13-59
intent-filter#android.bluetooth.adapter.action.STATE_CHANGED
ADDED from src\main\AndroidManifest.xml:60:13-62:29
action#android.bluetooth.adapter.action.STATE_CHANGED
ADDED from src\main\AndroidManifest.xml:61:17-89
	android:name
		ADDED from src\main\AndroidManifest.xml:61:25-86
receiver#net.wecodelicious.automazo.triggers.BTConnectionChangeReceiver
ADDED from src\main\AndroidManifest.xml:64:9-71:20
	android:enabled
		ADDED from src\main\AndroidManifest.xml:66:13-36
	android:name
		ADDED from src\main\AndroidManifest.xml:65:13-64
intent-filter#android.bluetooth.device.action.ACL_CONNECTED+android.bluetooth.device.action.ACL_DISCONNECTED
ADDED from src\main\AndroidManifest.xml:67:13-70:29
action#android.bluetooth.device.action.ACL_CONNECTED
ADDED from src\main\AndroidManifest.xml:68:17-88
	android:name
		ADDED from src\main\AndroidManifest.xml:68:25-85
action#android.bluetooth.device.action.ACL_DISCONNECTED
ADDED from src\main\AndroidManifest.xml:69:17-91
	android:name
		ADDED from src\main\AndroidManifest.xml:69:25-88
receiver#net.wecodelicious.automazo.triggers.RingerModeChangeReceiver
ADDED from src\main\AndroidManifest.xml:72:9-78:20
	android:enabled
		ADDED from src\main\AndroidManifest.xml:74:13-36
	android:name
		ADDED from src\main\AndroidManifest.xml:73:13-62
intent-filter#android.media.RINGER_MODE_CHANGED
ADDED from src\main\AndroidManifest.xml:75:13-77:29
action#android.media.RINGER_MODE_CHANGED
ADDED from src\main\AndroidManifest.xml:76:17-76
	android:name
		ADDED from src\main\AndroidManifest.xml:76:25-73
receiver#net.wecodelicious.automazo.triggers.AppInstalledRemovedReceiver
ADDED from src\main\AndroidManifest.xml:79:9-88:20
	android:enabled
		ADDED from src\main\AndroidManifest.xml:81:13-36
	android:name
		ADDED from src\main\AndroidManifest.xml:80:13-65
intent-filter#android.intent.action.PACKAGE_ADDED+android.intent.action.PACKAGE_REMOVED
ADDED from src\main\AndroidManifest.xml:82:13-87:29
action#android.intent.action.PACKAGE_ADDED
ADDED from src\main\AndroidManifest.xml:83:17-78
	android:name
		ADDED from src\main\AndroidManifest.xml:83:25-75
action#android.intent.action.PACKAGE_REMOVED
ADDED from src\main\AndroidManifest.xml:84:17-80
	android:name
		ADDED from src\main\AndroidManifest.xml:84:25-77
data
ADDED from src\main\AndroidManifest.xml:86:17-50
	android:scheme
		ADDED from src\main\AndroidManifest.xml:86:23-47
activity#net.wecodelicious.automazo.ui.View_Recipe
ADDED from src\main\AndroidManifest.xml:90:9-52
	android:name
		ADDED from src\main\AndroidManifest.xml:90:19-49
activity#net.wecodelicious.automazo.ui.SettingsActivity
ADDED from src\main\AndroidManifest.xml:91:9-93:63
	android:label
		ADDED from src\main\AndroidManifest.xml:93:13-60
	android:name
		ADDED from src\main\AndroidManifest.xml:92:13-48
activity#net.wecodelicious.automazo.ui.View_Templates
ADDED from src\main\AndroidManifest.xml:94:9-55
	android:name
		ADDED from src\main\AndroidManifest.xml:94:19-52
activity#net.wecodelicious.automazo.ui.Add_Recipe
ADDED from src\main\AndroidManifest.xml:95:9-60
	android:name
		ADDED from src\main\AndroidManifest.xml:95:19-48
uses-sdk
INJECTED from src\main\AndroidManifest.xml reason: use-sdk injection requested
MERGED from [com.android.support:design:23.4.0] AndroidManifest.xml:20:5-43
MERGED from [com.android.support:recyclerview-v7:23.4.0] AndroidManifest.xml:20:5-43
MERGED from [com.android.support:support-v4:23.4.0] AndroidManifest.xml:20:5-43
MERGED from [com.android.support:appcompat-v7:23.4.0] AndroidManifest.xml:21:5-23:78
MERGED from [com.android.support:animated-vector-drawable:23.4.0] AndroidManifest.xml:5:5-44
MERGED from [com.android.support:support-vector-drawable:23.4.0] AndroidManifest.xml:5:5-43
MERGED from [com.github.gabrielemariotti.cards:cardslib-cards:2.1.0] AndroidManifest.xml:24:5-26:41
MERGED from [com.github.gabrielemariotti.cards:cardslib-core:2.1.0] AndroidManifest.xml:24:5-26:41
MERGED from [com.android.support:cardview-v7:22.1.1] AndroidManifest.xml:20:5-43
	tools:overrideLibrary
		ADDED from [com.android.support:appcompat-v7:23.4.0] AndroidManifest.xml:23:9-75
	android:targetSdkVersion
		INJECTED from src\main\AndroidManifest.xml
		INJECTED from src\main\AndroidManifest.xml
	android:minSdkVersion
		INJECTED from src\main\AndroidManifest.xml
		INJECTED from src\main\AndroidManifest.xml